Using pre-set license
Built from '2021.1/staging' branch; Version is '2021.1.3f1 (4bef613afd59) revision 4976481'; Using compiler version '192528614'; Build Type 'Release'
OS: 'Windows 10 Home; OS build 19042.1052; Version 2009; 64bit' Language: 'de' Physical Memory: 8119 MB
BatchMode: 1, IsHumanControllingUs: 0, StartBugReporterOnCrash: 0, Is64bit: 1, IsPro: 0

 COMMAND LINE ARGUMENTS:
C:\Program Files\Unity\Hub\Editor\2021.1.3f1\Editor\Unity.exe
-adb2
-batchMode
-noUpm
-name
AssetImportWorker0
-projectPath
D:/Meine Apps/Unity_Projects/kangaroosadventure/KangaroosAdventure
-logFile
Logs/AssetImportWorker0.log
-srvPort
61205
Successfully changed project path to: D:/Meine Apps/Unity_Projects/kangaroosadventure/KangaroosAdventure
D:/Meine Apps/Unity_Projects/kangaroosadventure/KangaroosAdventure
Using Asset Import Pipeline V2.
Refreshing native plugins compatible for Editor in 62.33 ms, found 0 plugins.
Preloading 0 native plugins for Editor in 0.00 ms.
Initialize engine version: 2021.1.3f1 (4bef613afd59)
[Subsystems] Discovering subsystems at path C:/Program Files/Unity/Hub/Editor/2021.1.3f1/Editor/Data/Resources/UnitySubsystems
[Subsystems] Discovering subsystems at path D:/Meine Apps/Unity_Projects/kangaroosadventure/KangaroosAdventure/Assets
GfxDevice: creating device client; threaded=0; jobified=0
Direct3D:
    Version:  Direct3D 11.0 [level 11.1]
    Renderer: NVIDIA GeForce GTX 970 (ID=0x13c2)
    Vendor:   NVIDIA
    VRAM:     4043 MB
    Driver:   27.21.14.5671
Initialize mono
Mono path[0] = 'C:/Program Files/Unity/Hub/Editor/2021.1.3f1/Editor/Data/Managed'
Mono path[1] = 'C:/Program Files/Unity/Hub/Editor/2021.1.3f1/Editor/Data/MonoBleedingEdge/lib/mono/unityjit'
Mono config path = 'C:/Program Files/Unity/Hub/Editor/2021.1.3f1/Editor/Data/MonoBleedingEdge/etc'
Using monoOptions --debugger-agent=transport=dt_socket,embedding=1,server=y,suspend=n,address=127.0.0.1:56500
Begin MonoManager ReloadAssembly
Registering precompiled unity dll's ...
Register platform support module: C:/Program Files/Unity/Hub/Editor/2021.1.3f1/Editor/Data/PlaybackEngines/WindowsStandaloneSupport/UnityEditor.WindowsStandalone.Extensions.dll
Registered in 0.002561 seconds.
Native extension for WindowsStandalone target not found
Refreshing native plugins compatible for Editor in 55.37 ms, found 0 plugins.
Preloading 0 native plugins for Editor in 0.00 ms.
Mono: successfully reloaded assembly
- Completed reload, in  2.877 seconds
Platform modules already initialized, skipping
Registering precompiled user dll's ...
Registered in 0.004731 seconds.
Begin MonoManager ReloadAssembly
Native extension for WindowsStandalone target not found
Refreshing native plugins compatible for Editor in 0.71 ms, found 0 plugins.
Preloading 0 native plugins for Editor in 0.00 ms.
Mono: successfully reloaded assembly
- Completed reload, in  4.212 seconds
Platform modules already initialized, skipping
========================================================================
Worker process is ready to serve import requests
Launched and connected shader compiler UnityShaderCompiler.exe after 0.08 seconds
Refreshing native plugins compatible for Editor in 0.70 ms, found 0 plugins.
Preloading 0 native plugins for Editor in 0.00 ms.
Unloading 1769 Unused Serialized files (Serialized files now loaded: 0)
System memory in use before: 173.7 MB.
System memory in use after: 173.8 MB.

Unloading 68 unused Assets to reduce memory usage. Loaded Objects now: 2230.
Total: 8.419800 ms (FindLiveObjects: 0.275800 ms CreateObjectMapping: 0.147300 ms MarkObjects: 7.945000 ms  DeleteObjects: 0.050200 ms)

========================================================================
Received Import Request.
  path: Assets/Scripts
  artifactKey: Guid(fa8e8de75cb2d2f4cb2ffbf1a737e2db) Importer(815301076,1909f56bfc062723c751e8b465ee728b)
Start importing Assets/Scripts using Guid(fa8e8de75cb2d2f4cb2ffbf1a737e2db) Importer(815301076,1909f56bfc062723c751e8b465ee728b)  -> (artifact id: '33197157a63d0f82c7706d0a711b9d59') in 0.015390 seconds 
========================================================================
Received Import Request.
  Time since last request: 0.000274 seconds.
  path: Assets/Scripts/Field
  artifactKey: Guid(a367efdcea43fa44e85171d94ee838df) Importer(815301076,1909f56bfc062723c751e8b465ee728b)
Start importing Assets/Scripts/Field using Guid(a367efdcea43fa44e85171d94ee838df) Importer(815301076,1909f56bfc062723c751e8b465ee728b)  -> (artifact id: '4fda2ef014a66c6b668d6a44481235a4') in 0.028115 seconds 
========================================================================
Received Import Request.
  Time since last request: 0.000253 seconds.
  path: Assets/Scripts/Field/FieldHandler.cs
  artifactKey: Guid(ff8b69a5443d9a64097cf75401190f0b) Importer(815301076,1909f56bfc062723c751e8b465ee728b)
Start importing Assets/Scripts/Field/FieldHandler.cs using Guid(ff8b69a5443d9a64097cf75401190f0b) Importer(815301076,1909f56bfc062723c751e8b465ee728b)  -> (artifact id: '5101a38f6e385c5a7b9052d5f2310526') in 0.163636 seconds 
AssetImportWorkerClient::OnTransportError - code=2 error=End of file
